<?xml version="1.0" encoding="UTF-8"?>
<!-- Generated by org.testng.reporters.JUnitReportReporter -->
<testsuite hostname="Hemanth-Mohan" failures="0" tests="3" name="Hemanth.Testss.SubmitOrderNeww" time="43.462" errors="0" timestamp="2024-12-09T13:02:38 IST" skipped="0">
  <testcase classname="Hemanth.Testss.SubmitOrderNeww" name="submitOrder" time="17.630"/>
  <testcase classname="Hemanth.Testss.SubmitOrderNeww" name="OrderTest" time="2.899"/>
  <testcase classname="Hemanth.Testss.SubmitOrderNeww" name="submitOrder" time="22.933"/>
</testsuite> <!-- Hemanth.Testss.SubmitOrderNeww -->
