<?xml version="1.0" encoding="UTF-8"?>
<!-- Generated by org.testng.reporters.JUnitReportReporter -->
<testsuite hostname="Hemanth-Mohan" failures="0" tests="1" name="Hemanth.Testss.ErrorVakidationssNeww" time="6.196" errors="0" timestamp="2024-12-05T10:13:29 IST" skipped="0">
  <testcase classname="Hemanth.Testss.ErrorVakidationssNeww" name="submitOrder" time="6.196"/>
</testsuite> <!-- Hemanth.Testss.ErrorVakidationssNeww -->
