<?xml version="1.0" encoding="UTF-8"?>
<!-- Generated by org.testng.reporters.JUnitReportReporter -->
<testsuite hostname="Hemanth-Mohan" failures="0" tests="2" name="Hemanth.Testss.ErrorValidationssNeww" time="35.171" errors="0" timestamp="2024-12-09T13:02:38 IST" skipped="0">
  <testcase classname="Hemanth.Testss.ErrorValidationssNeww" name="LoginErrorValidation" time="9.186"/>
  <testcase classname="Hemanth.Testss.ErrorValidationssNeww" name="ProductErrorValidation" time="25.985"/>
</testsuite> <!-- Hemanth.Testss.ErrorValidationssNeww -->
