<?xml version="1.0" encoding="UTF-8"?>
<!-- Generated by org.testng.reporters.JUnitReportReporter -->
<testsuite hostname="Hemanth-Mohan" failures="0" tests="1" name="Hemanth.Testss.ErrorValidationssNeww" time="4.485" errors="0" timestamp="2024-12-09T13:03:20 IST" skipped="0">
  <testcase classname="Hemanth.Testss.ErrorValidationssNeww" name="LoginErrorValidation" time="4.485"/>
</testsuite> <!-- Hemanth.Testss.ErrorValidationssNeww -->
