<?xml version="1.0" encoding="UTF-8"?>
<!-- Generated by org.testng.reporters.JUnitReportReporter -->
<testsuite hostname="Hemanth-Mohan" failures="0" tests="3" name="Hemanth.Testss.SubmitOrderNeww" time="33.460" errors="0" timestamp="2024-12-09T12:39:38 IST" skipped="0">
  <testcase classname="Hemanth.Testss.SubmitOrderNeww" name="OrderTest" time="5.486"/>
  <testcase classname="Hemanth.Testss.SubmitOrderNeww" name="submitOrder" time="9.005"/>
  <testcase classname="Hemanth.Testss.SubmitOrderNeww" name="submitOrder" time="18.969"/>
</testsuite> <!-- Hemanth.Testss.SubmitOrderNeww -->
